<?xml version="1.0" encoding="UTF-8"?>
<!-- Generated by org.testng.reporters.JUnitReportReporter -->
<testsuite hostname="ACSS-LTP206" failures="0" tests="1" name="com.example.tests.AFISKH_Regression" time="0.263" errors="0" timestamp="2024-10-18T08:11:50 PST" skipped="0">
  <testcase classname="com.example.tests.AFISKH_Regression" name="AFISKH" time="0.263"/>
</testsuite> <!-- com.example.tests.AFISKH_Regression -->
